2024/05/24 13:46:51 [emerg] 1#1: unknown "app_container_name_ads" variable
2024/05/24 13:46:51 [emerg] 1#1: unknown "app_container_name_ads" variable
2024/05/24 13:46:51 [emerg] 1#1: unknown "app_container_name_ads" variable
2024/05/24 13:46:52 [emerg] 1#1: unknown "app_container_name_ads" variable
2024/05/24 13:46:53 [emerg] 1#1: unknown "app_container_name_ads" variable
2024/05/24 13:46:54 [emerg] 1#1: unknown "app_container_name_ads" variable
2024/05/24 13:46:58 [emerg] 1#1: unknown "app_container_name_ads" variable
2024/05/24 13:47:04 [emerg] 1#1: unknown "app_container_name_ads" variable
2024/05/24 13:47:17 [emerg] 1#1: unknown "app_container_name_ads" variable
2024/05/24 13:52:32 [notice] 1#1: using the "epoll" event method
2024/05/24 13:52:32 [notice] 1#1: nginx/1.25.5
2024/05/24 13:52:32 [notice] 1#1: built by gcc 12.2.0 (Debian 12.2.0-14) 
2024/05/24 13:52:32 [notice] 1#1: OS: Linux 6.6.26-linuxkit
2024/05/24 13:52:32 [notice] 1#1: getrlimit(RLIMIT_NOFILE): 1048576:1048576
2024/05/24 13:52:32 [notice] 1#1: start worker processes
2024/05/24 13:52:32 [notice] 1#1: start worker process 9
2024/05/24 13:52:32 [notice] 1#1: start worker process 10
2024/05/24 13:52:32 [notice] 1#1: start worker process 11
2024/05/24 13:52:32 [notice] 1#1: start worker process 12
2024/05/24 13:52:32 [notice] 1#1: start worker process 13
2024/05/24 13:52:32 [notice] 1#1: start worker process 14
2024/05/24 13:52:32 [notice] 1#1: start worker process 15
2024/05/24 13:52:32 [notice] 1#1: start worker process 16
2024/05/24 13:52:47 [error] 9#9: *1 connect() failed (111: Connection refused) while connecting to upstream, client: 192.168.65.1, server: , request: "GET / HTTP/1.1", upstream: "fastcgi://172.19.0.3:9000", host: "localhost"
2024/05/24 13:52:47 [error] 9#9: *1 connect() failed (111: Connection refused) while connecting to upstream, client: 192.168.65.1, server: , request: "GET /favicon.ico HTTP/1.1", upstream: "fastcgi://172.19.0.3:9000", host: "localhost", referrer: "http://localhost/"
2024/05/24 13:54:06 [notice] 1#1: using the "epoll" event method
2024/05/24 13:54:06 [notice] 1#1: nginx/1.25.5
2024/05/24 13:54:06 [notice] 1#1: built by gcc 12.2.0 (Debian 12.2.0-14) 
2024/05/24 13:54:06 [notice] 1#1: OS: Linux 6.6.26-linuxkit
2024/05/24 13:54:06 [notice] 1#1: getrlimit(RLIMIT_NOFILE): 1048576:1048576
2024/05/24 13:54:06 [notice] 1#1: start worker processes
2024/05/24 13:54:06 [notice] 1#1: start worker process 8
2024/05/24 13:54:06 [notice] 1#1: start worker process 9
2024/05/24 13:54:06 [notice] 1#1: start worker process 10
2024/05/24 13:54:06 [notice] 1#1: start worker process 11
2024/05/24 13:54:06 [notice] 1#1: start worker process 12
2024/05/24 13:54:06 [notice] 1#1: start worker process 13
2024/05/24 13:54:06 [notice] 1#1: start worker process 14
2024/05/24 13:54:06 [notice] 1#1: start worker process 15
2024/05/24 13:55:57 [error] 8#8: *1 connect() failed (111: Connection refused) while connecting to upstream, client: 192.168.65.1, server: , request: "GET / HTTP/1.1", upstream: "fastcgi://172.19.0.3:9000", host: "localhost"
2024/05/24 13:56:08 [error] 8#8: *1 connect() failed (111: Connection refused) while connecting to upstream, client: 192.168.65.1, server: , request: "GET / HTTP/1.1", upstream: "fastcgi://172.19.0.3:9000", host: "localhost"
2024/05/24 13:57:05 [notice] 1#1: signal 3 (SIGQUIT) received, shutting down
2024/05/24 13:57:05 [notice] 8#8: gracefully shutting down
2024/05/24 13:57:05 [notice] 12#12: gracefully shutting down
2024/05/24 13:57:05 [notice] 8#8: exiting
2024/05/24 13:57:05 [notice] 9#9: gracefully shutting down
2024/05/24 13:57:05 [notice] 11#11: gracefully shutting down
2024/05/24 13:57:05 [notice] 10#10: gracefully shutting down
2024/05/24 13:57:05 [notice] 14#14: gracefully shutting down
2024/05/24 13:57:05 [notice] 10#10: exiting
2024/05/24 13:57:05 [notice] 15#15: gracefully shutting down
2024/05/24 13:57:05 [notice] 13#13: gracefully shutting down
2024/05/24 13:57:05 [notice] 12#12: exiting
2024/05/24 13:57:05 [notice] 8#8: exit
2024/05/24 13:57:05 [notice] 9#9: exiting
2024/05/24 13:57:05 [notice] 11#11: exiting
2024/05/24 13:57:05 [notice] 14#14: exiting
2024/05/24 13:57:05 [notice] 10#10: exit
2024/05/24 13:57:05 [notice] 15#15: exiting
2024/05/24 13:57:05 [notice] 13#13: exiting
2024/05/24 13:57:05 [notice] 12#12: exit
2024/05/24 13:57:05 [notice] 9#9: exit
2024/05/24 13:57:05 [notice] 11#11: exit
2024/05/24 13:57:05 [notice] 14#14: exit
2024/05/24 13:57:05 [notice] 15#15: exit
2024/05/24 13:57:05 [notice] 13#13: exit
2024/05/24 13:57:05 [notice] 1#1: signal 17 (SIGCHLD) received from 12
2024/05/24 13:57:05 [notice] 1#1: worker process 12 exited with code 0
2024/05/24 13:57:05 [notice] 1#1: worker process 14 exited with code 0
2024/05/24 13:57:05 [notice] 1#1: worker process 15 exited with code 0
2024/05/24 13:57:05 [notice] 1#1: signal 29 (SIGIO) received
2024/05/24 13:57:05 [notice] 1#1: signal 17 (SIGCHLD) received from 8
2024/05/24 13:57:05 [notice] 1#1: worker process 8 exited with code 0
2024/05/24 13:57:05 [notice] 1#1: worker process 9 exited with code 0
2024/05/24 13:57:05 [notice] 1#1: worker process 10 exited with code 0
2024/05/24 13:57:05 [notice] 1#1: worker process 11 exited with code 0
2024/05/24 13:57:05 [notice] 1#1: worker process 13 exited with code 0
2024/05/24 13:57:05 [notice] 1#1: exit
2024/05/24 13:57:07 [notice] 1#1: using the "epoll" event method
2024/05/24 13:57:07 [notice] 1#1: nginx/1.25.5
2024/05/24 13:57:07 [notice] 1#1: built by gcc 12.2.0 (Debian 12.2.0-14) 
2024/05/24 13:57:07 [notice] 1#1: OS: Linux 6.6.26-linuxkit
2024/05/24 13:57:07 [notice] 1#1: getrlimit(RLIMIT_NOFILE): 1048576:1048576
2024/05/24 13:57:07 [notice] 1#1: start worker processes
2024/05/24 13:57:07 [notice] 1#1: start worker process 8
2024/05/24 13:57:07 [notice] 1#1: start worker process 9
2024/05/24 13:57:07 [notice] 1#1: start worker process 10
2024/05/24 13:57:07 [notice] 1#1: start worker process 11
2024/05/24 13:57:07 [notice] 1#1: start worker process 12
2024/05/24 13:57:07 [notice] 1#1: start worker process 13
2024/05/24 13:57:07 [notice] 1#1: start worker process 14
2024/05/24 13:57:07 [notice] 1#1: start worker process 15
2024/05/24 13:57:12 [error] 8#8: *1 connect() failed (111: Connection refused) while connecting to upstream, client: 192.168.65.1, server: , request: "GET / HTTP/1.1", upstream: "fastcgi://172.19.0.3:9000", host: "localhost"
2024/05/24 13:57:14 [error] 8#8: *1 connect() failed (111: Connection refused) while connecting to upstream, client: 192.168.65.1, server: , request: "GET / HTTP/1.1", upstream: "fastcgi://172.19.0.3:9000", host: "localhost"
2024/05/24 13:57:57 [error] 8#8: *1 connect() failed (111: Connection refused) while connecting to upstream, client: 192.168.65.1, server: , request: "GET / HTTP/1.1", upstream: "fastcgi://172.19.0.3:9000", host: "localhost"
2024/05/24 13:57:58 [error] 8#8: *1 connect() failed (111: Connection refused) while connecting to upstream, client: 192.168.65.1, server: , request: "GET /api HTTP/1.1", upstream: "fastcgi://172.19.0.3:9000", host: "localhost"
2024/05/24 13:58:29 [error] 8#8: *1 connect() failed (111: Connection refused) while connecting to upstream, client: 192.168.65.1, server: , request: "GET /api HTTP/1.1", upstream: "fastcgi://172.19.0.3:9000", host: "localhost"
2024/05/24 13:58:29 [error] 8#8: *1 connect() failed (111: Connection refused) while connecting to upstream, client: 192.168.65.1, server: , request: "GET / HTTP/1.1", upstream: "fastcgi://172.19.0.3:9000", host: "localhost"
2024/05/24 13:58:36 [notice] 1#1: signal 3 (SIGQUIT) received, shutting down
2024/05/24 13:58:36 [notice] 8#8: gracefully shutting down
2024/05/24 13:58:36 [notice] 11#11: gracefully shutting down
2024/05/24 13:58:36 [notice] 14#14: gracefully shutting down
2024/05/24 13:58:36 [notice] 9#9: gracefully shutting down
2024/05/24 13:58:36 [notice] 10#10: gracefully shutting down
2024/05/24 13:58:36 [notice] 13#13: gracefully shutting down
2024/05/24 13:58:36 [notice] 12#12: gracefully shutting down
2024/05/24 13:58:36 [notice] 15#15: gracefully shutting down
2024/05/24 13:58:36 [notice] 8#8: exiting
2024/05/24 13:58:36 [notice] 11#11: exiting
2024/05/24 13:58:36 [notice] 8#8: exit
2024/05/24 13:58:36 [notice] 14#14: exiting
2024/05/24 13:58:36 [notice] 9#9: exiting
2024/05/24 13:58:36 [notice] 10#10: exiting
2024/05/24 13:58:36 [notice] 13#13: exiting
2024/05/24 13:58:36 [notice] 12#12: exiting
2024/05/24 13:58:36 [notice] 15#15: exiting
2024/05/24 13:58:36 [notice] 11#11: exit
2024/05/24 13:58:36 [notice] 14#14: exit
2024/05/24 13:58:36 [notice] 9#9: exit
2024/05/24 13:58:36 [notice] 10#10: exit
2024/05/24 13:58:36 [notice] 13#13: exit
2024/05/24 13:58:36 [notice] 12#12: exit
2024/05/24 13:58:36 [notice] 15#15: exit
2024/05/24 13:58:36 [notice] 1#1: signal 17 (SIGCHLD) received from 11
2024/05/24 13:58:36 [notice] 1#1: worker process 8 exited with code 0
2024/05/24 13:58:36 [notice] 1#1: worker process 9 exited with code 0
2024/05/24 13:58:36 [notice] 1#1: worker process 10 exited with code 0
2024/05/24 13:58:36 [notice] 1#1: worker process 11 exited with code 0
2024/05/24 13:58:36 [notice] 1#1: worker process 12 exited with code 0
2024/05/24 13:58:36 [notice] 1#1: worker process 13 exited with code 0
2024/05/24 13:58:36 [notice] 1#1: worker process 14 exited with code 0
2024/05/24 13:58:36 [notice] 1#1: worker process 15 exited with code 0
2024/05/24 13:58:36 [notice] 1#1: exit
2024/05/24 13:58:48 [notice] 1#1: using the "epoll" event method
2024/05/24 13:58:48 [notice] 1#1: nginx/1.25.5
2024/05/24 13:58:48 [notice] 1#1: built by gcc 12.2.0 (Debian 12.2.0-14) 
2024/05/24 13:58:48 [notice] 1#1: OS: Linux 6.6.26-linuxkit
2024/05/24 13:58:48 [notice] 1#1: getrlimit(RLIMIT_NOFILE): 1048576:1048576
2024/05/24 13:58:48 [notice] 1#1: start worker processes
2024/05/24 13:58:48 [notice] 1#1: start worker process 8
2024/05/24 13:58:48 [notice] 1#1: start worker process 9
2024/05/24 13:58:48 [notice] 1#1: start worker process 10
2024/05/24 13:58:48 [notice] 1#1: start worker process 11
2024/05/24 13:58:48 [notice] 1#1: start worker process 12
2024/05/24 13:58:48 [notice] 1#1: start worker process 13
2024/05/24 13:58:48 [notice] 1#1: start worker process 14
2024/05/24 13:58:48 [notice] 1#1: start worker process 15
2024/05/24 13:58:54 [error] 8#8: *1 connect() failed (111: Connection refused) while connecting to upstream, client: 192.168.65.1, server: , request: "GET / HTTP/1.1", upstream: "fastcgi://172.19.0.3:9000", host: "localhost"
2024/05/24 13:58:55 [error] 8#8: *1 connect() failed (111: Connection refused) while connecting to upstream, client: 192.168.65.1, server: , request: "GET / HTTP/1.1", upstream: "fastcgi://172.19.0.3:9000", host: "localhost"
2024/05/24 13:58:56 [error] 8#8: *1 connect() failed (111: Connection refused) while connecting to upstream, client: 192.168.65.1, server: , request: "GET / HTTP/1.1", upstream: "fastcgi://172.19.0.3:9000", host: "localhost"
2024/05/24 13:59:06 [error] 8#8: *1 connect() failed (111: Connection refused) while connecting to upstream, client: 192.168.65.1, server: , request: "GET / HTTP/1.1", upstream: "fastcgi://172.19.0.3:9000", host: "localhost"
2024/05/24 14:07:30 [notice] 1#1: signal 3 (SIGQUIT) received, shutting down
2024/05/24 14:07:30 [notice] 9#9: gracefully shutting down
2024/05/24 14:07:30 [notice] 11#11: gracefully shutting down
2024/05/24 14:07:30 [notice] 10#10: gracefully shutting down
2024/05/24 14:07:30 [notice] 13#13: gracefully shutting down
2024/05/24 14:07:30 [notice] 12#12: gracefully shutting down
2024/05/24 14:07:30 [notice] 15#15: gracefully shutting down
2024/05/24 14:07:30 [notice] 8#8: gracefully shutting down
2024/05/24 14:07:30 [notice] 8#8: exiting
2024/05/24 14:07:30 [notice] 14#14: gracefully shutting down
2024/05/24 14:07:30 [notice] 14#14: exiting
2024/05/24 14:07:30 [notice] 9#9: exiting
2024/05/24 14:07:30 [notice] 11#11: exiting
2024/05/24 14:07:30 [notice] 10#10: exiting
2024/05/24 14:07:30 [notice] 13#13: exiting
2024/05/24 14:07:30 [notice] 12#12: exiting
2024/05/24 14:07:30 [notice] 15#15: exiting
2024/05/24 14:07:30 [notice] 15#15: exit
2024/05/24 14:07:30 [notice] 8#8: exit
2024/05/24 14:07:30 [notice] 14#14: exit
2024/05/24 14:07:30 [notice] 9#9: exit
2024/05/24 14:07:30 [notice] 11#11: exit
2024/05/24 14:07:30 [notice] 10#10: exit
2024/05/24 14:07:30 [notice] 13#13: exit
2024/05/24 14:07:30 [notice] 12#12: exit
2024/05/24 14:07:30 [notice] 1#1: signal 17 (SIGCHLD) received from 9
2024/05/24 14:07:30 [notice] 1#1: worker process 9 exited with code 0
2024/05/24 14:07:30 [notice] 1#1: signal 29 (SIGIO) received
2024/05/24 14:07:30 [notice] 1#1: signal 17 (SIGCHLD) received from 11
2024/05/24 14:07:30 [notice] 1#1: worker process 8 exited with code 0
2024/05/24 14:07:30 [notice] 1#1: worker process 11 exited with code 0
2024/05/24 14:07:30 [notice] 1#1: worker process 14 exited with code 0
2024/05/24 14:07:30 [notice] 1#1: signal 29 (SIGIO) received
2024/05/24 14:07:30 [notice] 1#1: signal 17 (SIGCHLD) received from 8
2024/05/24 14:07:30 [notice] 1#1: signal 17 (SIGCHLD) received from 10
2024/05/24 14:07:30 [notice] 1#1: worker process 10 exited with code 0
2024/05/24 14:07:30 [notice] 1#1: worker process 12 exited with code 0
2024/05/24 14:07:30 [notice] 1#1: worker process 15 exited with code 0
2024/05/24 14:07:30 [notice] 1#1: signal 29 (SIGIO) received
2024/05/24 14:07:30 [notice] 1#1: signal 17 (SIGCHLD) received from 15
2024/05/24 14:07:30 [notice] 1#1: signal 17 (SIGCHLD) received from 13
2024/05/24 14:07:30 [notice] 1#1: worker process 13 exited with code 0
2024/05/24 14:07:30 [notice] 1#1: exit
2024/05/24 14:12:10 [notice] 1#1: using the "epoll" event method
2024/05/24 14:12:10 [notice] 1#1: nginx/1.25.5
2024/05/24 14:12:10 [notice] 1#1: built by gcc 12.2.0 (Debian 12.2.0-14) 
2024/05/24 14:12:10 [notice] 1#1: OS: Linux 6.6.26-linuxkit
2024/05/24 14:12:10 [notice] 1#1: getrlimit(RLIMIT_NOFILE): 1048576:1048576
2024/05/24 14:12:10 [notice] 1#1: start worker processes
2024/05/24 14:12:10 [notice] 1#1: start worker process 7
2024/05/24 14:12:10 [notice] 1#1: start worker process 8
2024/05/24 14:12:10 [notice] 1#1: start worker process 9
2024/05/24 14:12:10 [notice] 1#1: start worker process 10
2024/05/24 14:12:10 [notice] 1#1: start worker process 11
2024/05/24 14:12:10 [notice] 1#1: start worker process 12
2024/05/24 14:12:10 [notice] 1#1: start worker process 13
2024/05/24 14:12:10 [notice] 1#1: start worker process 14
2024/05/24 15:10:21 [notice] 1#1: signal 3 (SIGQUIT) received, shutting down
2024/05/24 15:10:21 [notice] 7#7: gracefully shutting down
2024/05/24 15:10:21 [notice] 8#8: gracefully shutting down
2024/05/24 15:10:21 [notice] 10#10: gracefully shutting down
2024/05/24 15:10:21 [notice] 10#10: exiting
2024/05/24 15:10:21 [notice] 7#7: exiting
2024/05/24 15:10:21 [notice] 7#7: exit
2024/05/24 15:10:21 [notice] 12#12: gracefully shutting down
2024/05/24 15:10:21 [notice] 12#12: exiting
2024/05/24 15:10:21 [notice] 9#9: gracefully shutting down
2024/05/24 15:10:21 [notice] 9#9: exiting
2024/05/24 15:10:21 [notice] 13#13: gracefully shutting down
2024/05/24 15:10:21 [notice] 8#8: exiting
2024/05/24 15:10:21 [notice] 14#14: gracefully shutting down
2024/05/24 15:10:21 [notice] 11#11: gracefully shutting down
2024/05/24 15:10:21 [notice] 10#10: exit
2024/05/24 15:10:21 [notice] 12#12: exit
2024/05/24 15:10:21 [notice] 9#9: exit
2024/05/24 15:10:21 [notice] 13#13: exiting
2024/05/24 15:10:21 [notice] 8#8: exit
2024/05/24 15:10:21 [notice] 14#14: exiting
2024/05/24 15:10:21 [notice] 11#11: exiting
2024/05/24 15:10:21 [notice] 13#13: exit
2024/05/24 15:10:21 [notice] 14#14: exit
2024/05/24 15:10:21 [notice] 11#11: exit
2024/05/24 15:10:21 [notice] 1#1: signal 17 (SIGCHLD) received from 7
2024/05/24 15:10:21 [notice] 1#1: worker process 7 exited with code 0
2024/05/24 15:10:21 [notice] 1#1: signal 29 (SIGIO) received
2024/05/24 15:10:21 [notice] 1#1: signal 17 (SIGCHLD) received from 8
2024/05/24 15:10:21 [notice] 1#1: worker process 8 exited with code 0
2024/05/24 15:10:21 [notice] 1#1: worker process 10 exited with code 0
2024/05/24 15:10:21 [notice] 1#1: signal 29 (SIGIO) received
2024/05/24 15:10:21 [notice] 1#1: signal 17 (SIGCHLD) received from 9
2024/05/24 15:10:21 [notice] 1#1: worker process 9 exited with code 0
2024/05/24 15:10:21 [notice] 1#1: worker process 12 exited with code 0
2024/05/24 15:10:21 [notice] 1#1: worker process 11 exited with code 0
2024/05/24 15:10:21 [notice] 1#1: worker process 13 exited with code 0
2024/05/24 15:10:21 [notice] 1#1: worker process 14 exited with code 0
2024/05/24 15:10:21 [notice] 1#1: exit
2024/05/27 11:16:20 [emerg] 1#1: host not found in upstream "laravel-docker" in /etc/nginx/conf.d/web_app.conf:13
2024/05/27 11:16:20 [emerg] 1#1: host not found in upstream "laravel-docker" in /etc/nginx/conf.d/web_app.conf:13
2024/05/27 11:16:21 [emerg] 1#1: host not found in upstream "laravel-docker" in /etc/nginx/conf.d/web_app.conf:13
2024/05/27 11:16:21 [emerg] 1#1: host not found in upstream "laravel-docker" in /etc/nginx/conf.d/web_app.conf:13
2024/05/27 11:16:22 [emerg] 1#1: host not found in upstream "laravel-docker" in /etc/nginx/conf.d/web_app.conf:13
2024/05/27 11:16:24 [emerg] 1#1: host not found in upstream "laravel-docker" in /etc/nginx/conf.d/web_app.conf:13
2024/05/27 11:16:27 [emerg] 1#1: host not found in upstream "laravel-docker" in /etc/nginx/conf.d/web_app.conf:13
2024/05/27 11:16:34 [emerg] 1#1: host not found in upstream "laravel-docker" in /etc/nginx/conf.d/web_app.conf:13
2024/05/27 11:16:47 [emerg] 1#1: host not found in upstream "laravel-docker" in /etc/nginx/conf.d/web_app.conf:13
2024/05/27 11:17:13 [emerg] 1#1: host not found in upstream "laravel-docker" in /etc/nginx/conf.d/web_app.conf:13
2024/05/27 11:18:04 [emerg] 1#1: host not found in upstream "laravel-docker" in /etc/nginx/conf.d/web_app.conf:13
2024/05/27 11:19:04 [notice] 1#1: using the "epoll" event method
2024/05/27 11:19:04 [notice] 1#1: nginx/1.25.5
2024/05/27 11:19:04 [notice] 1#1: built by gcc 12.2.0 (Debian 12.2.0-14) 
2024/05/27 11:19:04 [notice] 1#1: OS: Linux 6.6.26-linuxkit
2024/05/27 11:19:04 [notice] 1#1: getrlimit(RLIMIT_NOFILE): 1048576:1048576
2024/05/27 11:19:04 [notice] 1#1: start worker processes
2024/05/27 11:19:04 [notice] 1#1: start worker process 8
2024/05/27 11:19:04 [notice] 1#1: start worker process 9
2024/05/27 11:19:04 [notice] 1#1: start worker process 10
2024/05/27 11:19:04 [notice] 1#1: start worker process 11
2024/05/27 11:19:04 [notice] 1#1: start worker process 12
2024/05/27 11:19:04 [notice] 1#1: start worker process 13
2024/05/27 11:19:04 [notice] 1#1: start worker process 14
2024/05/27 11:19:04 [notice] 1#1: start worker process 15
2024/05/28 12:10:57 [notice] 1#1: signal 3 (SIGQUIT) received, shutting down
2024/05/28 12:10:57 [notice] 9#9: gracefully shutting down
2024/05/28 12:10:57 [notice] 10#10: gracefully shutting down
2024/05/28 12:10:57 [notice] 11#11: gracefully shutting down
2024/05/28 12:10:57 [notice] 14#14: gracefully shutting down
2024/05/28 12:10:57 [notice] 11#11: exiting
2024/05/28 12:10:57 [notice] 13#13: gracefully shutting down
2024/05/28 12:10:57 [notice] 12#12: gracefully shutting down
2024/05/28 12:10:57 [notice] 15#15: gracefully shutting down
2024/05/28 12:10:57 [notice] 15#15: exiting
2024/05/28 12:10:57 [notice] 10#10: exiting
2024/05/28 12:10:57 [notice] 10#10: exit
2024/05/28 12:10:57 [notice] 8#8: gracefully shutting down
2024/05/28 12:10:57 [notice] 14#14: exiting
2024/05/28 12:10:57 [notice] 8#8: exiting
2024/05/28 12:10:57 [notice] 9#9: exiting
2024/05/28 12:10:57 [notice] 11#11: exit
2024/05/28 12:10:57 [notice] 13#13: exiting
2024/05/28 12:10:57 [notice] 12#12: exiting
2024/05/28 12:10:57 [notice] 12#12: exit
2024/05/28 12:10:57 [notice] 15#15: exit
2024/05/28 12:10:57 [notice] 14#14: exit
2024/05/28 12:10:57 [notice] 8#8: exit
2024/05/28 12:10:57 [notice] 9#9: exit
2024/05/28 12:10:57 [notice] 13#13: exit
2024/05/28 12:10:57 [notice] 1#1: signal 17 (SIGCHLD) received from 11
2024/05/28 12:10:57 [notice] 1#1: worker process 10 exited with code 0
2024/05/28 12:10:57 [notice] 1#1: worker process 11 exited with code 0
2024/05/28 12:10:57 [notice] 1#1: signal 29 (SIGIO) received
2024/05/28 12:10:57 [notice] 1#1: signal 17 (SIGCHLD) received from 15
2024/05/28 12:10:57 [notice] 1#1: worker process 8 exited with code 0
2024/05/28 12:10:57 [notice] 1#1: worker process 12 exited with code 0
2024/05/28 12:10:57 [notice] 1#1: worker process 13 exited with code 0
2024/05/28 12:10:57 [notice] 1#1: worker process 14 exited with code 0
2024/05/28 12:10:57 [notice] 1#1: worker process 15 exited with code 0
2024/05/28 12:10:57 [notice] 1#1: signal 29 (SIGIO) received
2024/05/28 12:10:57 [notice] 1#1: signal 17 (SIGCHLD) received from 12
2024/05/28 12:10:57 [notice] 1#1: signal 17 (SIGCHLD) received from 9
2024/05/28 12:10:57 [notice] 1#1: worker process 9 exited with code 0
2024/05/28 12:10:57 [notice] 1#1: exit
2024/05/28 12:11:25 [notice] 1#1: using the "epoll" event method
2024/05/28 12:11:25 [notice] 1#1: nginx/1.25.5
2024/05/28 12:11:25 [notice] 1#1: built by gcc 12.2.0 (Debian 12.2.0-14) 
2024/05/28 12:11:25 [notice] 1#1: OS: Linux 6.6.26-linuxkit
2024/05/28 12:11:25 [notice] 1#1: getrlimit(RLIMIT_NOFILE): 1048576:1048576
2024/05/28 12:11:25 [notice] 1#1: start worker processes
2024/05/28 12:11:25 [notice] 1#1: start worker process 8
2024/05/28 12:11:25 [notice] 1#1: start worker process 9
2024/05/28 12:11:25 [notice] 1#1: start worker process 10
2024/05/28 12:11:25 [notice] 1#1: start worker process 11
2024/05/28 12:11:25 [notice] 1#1: start worker process 12
2024/05/28 12:11:25 [notice] 1#1: start worker process 13
2024/05/28 12:11:25 [notice] 1#1: start worker process 14
2024/05/28 12:11:25 [notice] 1#1: start worker process 15
2024/05/28 12:42:53 [notice] 1#1: signal 3 (SIGQUIT) received, shutting down
2024/05/28 12:42:53 [notice] 8#8: gracefully shutting down
2024/05/28 12:42:53 [notice] 8#8: exiting
2024/05/28 12:42:53 [notice] 9#9: gracefully shutting down
2024/05/28 12:42:53 [notice] 11#11: gracefully shutting down
2024/05/28 12:42:53 [notice] 11#11: exiting
2024/05/28 12:42:53 [notice] 10#10: gracefully shutting down
2024/05/28 12:42:53 [notice] 15#15: gracefully shutting down
2024/05/28 12:42:53 [notice] 13#13: gracefully shutting down
2024/05/28 12:42:53 [notice] 15#15: exiting
2024/05/28 12:42:53 [notice] 15#15: exit
2024/05/28 12:42:53 [notice] 12#12: gracefully shutting down
2024/05/28 12:42:53 [notice] 12#12: exiting
2024/05/28 12:42:53 [notice] 14#14: gracefully shutting down
2024/05/28 12:42:53 [notice] 14#14: exiting
2024/05/28 12:42:53 [notice] 8#8: exit
2024/05/28 12:42:53 [notice] 9#9: exiting
2024/05/28 12:42:53 [notice] 11#11: exit
2024/05/28 12:42:53 [notice] 10#10: exiting
2024/05/28 12:42:53 [notice] 13#13: exiting
2024/05/28 12:42:53 [notice] 12#12: exit
2024/05/28 12:42:53 [notice] 14#14: exit
2024/05/28 12:42:53 [notice] 9#9: exit
2024/05/28 12:42:53 [notice] 10#10: exit
2024/05/28 12:42:53 [notice] 13#13: exit
2024/05/28 12:42:53 [notice] 1#1: signal 17 (SIGCHLD) received from 8
2024/05/28 12:42:53 [notice] 1#1: worker process 8 exited with code 0
2024/05/28 12:42:53 [notice] 1#1: worker process 15 exited with code 0
2024/05/28 12:42:53 [notice] 1#1: signal 29 (SIGIO) received
2024/05/28 12:42:53 [notice] 1#1: signal 17 (SIGCHLD) received from 11
2024/05/28 12:42:53 [notice] 1#1: worker process 11 exited with code 0
2024/05/28 12:42:53 [notice] 1#1: worker process 12 exited with code 0
2024/05/28 12:42:53 [notice] 1#1: worker process 14 exited with code 0
2024/05/28 12:42:53 [notice] 1#1: signal 29 (SIGIO) received
2024/05/28 12:42:53 [notice] 1#1: signal 17 (SIGCHLD) received from 14
2024/05/28 12:42:53 [notice] 1#1: signal 17 (SIGCHLD) received from 9
2024/05/28 12:42:53 [notice] 1#1: worker process 9 exited with code 0
2024/05/28 12:42:53 [notice] 1#1: worker process 10 exited with code 0
2024/05/28 12:42:53 [notice] 1#1: signal 29 (SIGIO) received
2024/05/28 12:42:53 [notice] 1#1: signal 17 (SIGCHLD) received from 10
2024/05/28 12:42:53 [notice] 1#1: signal 17 (SIGCHLD) received from 13
2024/05/28 12:42:53 [notice] 1#1: worker process 13 exited with code 0
2024/05/28 12:42:53 [notice] 1#1: exit
2024/05/28 12:42:57 [notice] 1#1: using the "epoll" event method
2024/05/28 12:42:57 [notice] 1#1: nginx/1.25.5
2024/05/28 12:42:57 [notice] 1#1: built by gcc 12.2.0 (Debian 12.2.0-14) 
2024/05/28 12:42:57 [notice] 1#1: OS: Linux 6.6.26-linuxkit
2024/05/28 12:42:57 [notice] 1#1: getrlimit(RLIMIT_NOFILE): 1048576:1048576
2024/05/28 12:42:57 [notice] 1#1: start worker processes
2024/05/28 12:42:57 [notice] 1#1: start worker process 8
2024/05/28 12:42:57 [notice] 1#1: start worker process 9
2024/05/28 12:42:57 [notice] 1#1: start worker process 10
2024/05/28 12:42:57 [notice] 1#1: start worker process 11
2024/05/28 12:42:57 [notice] 1#1: start worker process 12
2024/05/28 12:42:57 [notice] 1#1: start worker process 13
2024/05/28 12:42:57 [notice] 1#1: start worker process 14
2024/05/28 12:42:57 [notice] 1#1: start worker process 15
2024/05/28 13:35:16 [notice] 1#1: signal 3 (SIGQUIT) received, shutting down
2024/05/28 13:35:16 [notice] 9#9: gracefully shutting down
2024/05/28 13:35:16 [notice] 9#9: exiting
2024/05/28 13:35:16 [notice] 8#8: gracefully shutting down
2024/05/28 13:35:16 [notice] 8#8: exiting
2024/05/28 13:35:16 [notice] 15#15: gracefully shutting down
2024/05/28 13:35:16 [notice] 15#15: exiting
2024/05/28 13:35:16 [notice] 10#10: gracefully shutting down
2024/05/28 13:35:16 [notice] 14#14: gracefully shutting down
2024/05/28 13:35:16 [notice] 11#11: gracefully shutting down
2024/05/28 13:35:16 [notice] 12#12: gracefully shutting down
2024/05/28 13:35:16 [notice] 13#13: gracefully shutting down
2024/05/28 13:35:16 [notice] 9#9: exit
2024/05/28 13:35:16 [notice] 8#8: exit
2024/05/28 13:35:16 [notice] 15#15: exit
2024/05/28 13:35:16 [notice] 10#10: exiting
2024/05/28 13:35:16 [notice] 14#14: exiting
2024/05/28 13:35:16 [notice] 11#11: exiting
2024/05/28 13:35:16 [notice] 12#12: exiting
2024/05/28 13:35:16 [notice] 13#13: exiting
2024/05/28 13:35:16 [notice] 10#10: exit
2024/05/28 13:35:16 [notice] 13#13: exit
2024/05/28 13:35:16 [notice] 14#14: exit
2024/05/28 13:35:16 [notice] 11#11: exit
2024/05/28 13:35:16 [notice] 12#12: exit
2024/05/28 13:35:16 [notice] 1#1: signal 17 (SIGCHLD) received from 14
2024/05/28 13:35:16 [notice] 1#1: worker process 9 exited with code 0
2024/05/28 13:35:16 [notice] 1#1: worker process 10 exited with code 0
2024/05/28 13:35:16 [notice] 1#1: worker process 12 exited with code 0
2024/05/28 13:35:16 [notice] 1#1: worker process 14 exited with code 0
2024/05/28 13:35:16 [notice] 1#1: signal 29 (SIGIO) received
2024/05/28 13:35:16 [notice] 1#1: signal 17 (SIGCHLD) received from 9
2024/05/28 13:35:16 [notice] 1#1: signal 17 (SIGCHLD) received from 8
2024/05/28 13:35:16 [notice] 1#1: worker process 8 exited with code 0
2024/05/28 13:35:16 [notice] 1#1: signal 29 (SIGIO) received
2024/05/28 13:35:16 [notice] 1#1: signal 17 (SIGCHLD) received from 15
2024/05/28 13:35:16 [notice] 1#1: worker process 11 exited with code 0
2024/05/28 13:35:16 [notice] 1#1: worker process 13 exited with code 0
2024/05/28 13:35:16 [notice] 1#1: worker process 15 exited with code 0
2024/05/28 13:35:16 [notice] 1#1: exit
2024/05/28 13:35:47 [notice] 1#1: using the "epoll" event method
2024/05/28 13:35:47 [notice] 1#1: nginx/1.25.5
2024/05/28 13:35:47 [notice] 1#1: built by gcc 12.2.0 (Debian 12.2.0-14) 
2024/05/28 13:35:47 [notice] 1#1: OS: Linux 6.6.26-linuxkit
2024/05/28 13:35:47 [notice] 1#1: getrlimit(RLIMIT_NOFILE): 1048576:1048576
2024/05/28 13:35:47 [notice] 1#1: start worker processes
2024/05/28 13:35:47 [notice] 1#1: start worker process 7
2024/05/28 13:35:47 [notice] 1#1: start worker process 8
2024/05/28 13:35:47 [notice] 1#1: start worker process 9
2024/05/28 13:35:47 [notice] 1#1: start worker process 10
2024/05/28 13:35:47 [notice] 1#1: start worker process 11
2024/05/28 13:35:47 [notice] 1#1: start worker process 12
2024/05/28 13:35:47 [notice] 1#1: start worker process 13
2024/05/28 13:35:47 [notice] 1#1: start worker process 14
2024/05/28 13:47:34 [notice] 1#1: signal 3 (SIGQUIT) received, shutting down
2024/05/28 13:47:34 [notice] 9#9: gracefully shutting down
2024/05/28 13:47:34 [notice] 13#13: gracefully shutting down
2024/05/28 13:47:34 [notice] 9#9: exiting
2024/05/28 13:47:34 [notice] 12#12: gracefully shutting down
2024/05/28 13:47:34 [notice] 14#14: gracefully shutting down
2024/05/28 13:47:34 [notice] 10#10: gracefully shutting down
2024/05/28 13:47:34 [notice] 9#9: exit
2024/05/28 13:47:34 [notice] 10#10: exiting
2024/05/28 13:47:34 [notice] 8#8: gracefully shutting down
2024/05/28 13:47:34 [notice] 11#11: gracefully shutting down
2024/05/28 13:47:34 [notice] 7#7: gracefully shutting down
2024/05/28 13:47:34 [notice] 7#7: exiting
2024/05/28 13:47:34 [notice] 13#13: exiting
2024/05/28 13:47:34 [notice] 14#14: exiting
2024/05/28 13:47:34 [notice] 12#12: exiting
2024/05/28 13:47:34 [notice] 12#12: exit
2024/05/28 13:47:34 [notice] 7#7: exit
2024/05/28 13:47:34 [notice] 10#10: exit
2024/05/28 13:47:34 [notice] 8#8: exiting
2024/05/28 13:47:34 [notice] 11#11: exiting
2024/05/28 13:47:34 [notice] 13#13: exit
2024/05/28 13:47:34 [notice] 14#14: exit
2024/05/28 13:47:34 [notice] 8#8: exit
2024/05/28 13:47:34 [notice] 11#11: exit
2024/05/28 13:47:34 [notice] 1#1: signal 17 (SIGCHLD) received from 9
2024/05/28 13:47:34 [notice] 1#1: worker process 9 exited with code 0
2024/05/28 13:47:34 [notice] 1#1: signal 29 (SIGIO) received
2024/05/28 13:47:34 [notice] 1#1: signal 17 (SIGCHLD) received from 12
2024/05/28 13:47:34 [notice] 1#1: worker process 12 exited with code 0
2024/05/28 13:47:34 [notice] 1#1: signal 29 (SIGIO) received
2024/05/28 13:47:34 [notice] 1#1: signal 17 (SIGCHLD) received from 8
2024/05/28 13:47:34 [notice] 1#1: worker process 7 exited with code 0
2024/05/28 13:47:34 [notice] 1#1: worker process 8 exited with code 0
2024/05/28 13:47:34 [notice] 1#1: worker process 10 exited with code 0
2024/05/28 13:47:34 [notice] 1#1: worker process 11 exited with code 0
2024/05/28 13:47:34 [notice] 1#1: worker process 13 exited with code 0
2024/05/28 13:47:34 [notice] 1#1: worker process 14 exited with code 0
2024/05/28 13:47:34 [notice] 1#1: exit
2024/05/28 13:47:49 [notice] 1#1: using the "epoll" event method
2024/05/28 13:47:49 [notice] 1#1: nginx/1.25.5
2024/05/28 13:47:49 [notice] 1#1: built by gcc 12.2.0 (Debian 12.2.0-14) 
2024/05/28 13:47:49 [notice] 1#1: OS: Linux 6.6.26-linuxkit
2024/05/28 13:47:49 [notice] 1#1: getrlimit(RLIMIT_NOFILE): 1048576:1048576
2024/05/28 13:47:49 [notice] 1#1: start worker processes
2024/05/28 13:47:49 [notice] 1#1: start worker process 8
2024/05/28 13:47:49 [notice] 1#1: start worker process 9
2024/05/28 13:47:49 [notice] 1#1: start worker process 10
2024/05/28 13:47:49 [notice] 1#1: start worker process 11
2024/05/28 13:47:49 [notice] 1#1: start worker process 12
2024/05/28 13:47:49 [notice] 1#1: start worker process 13
2024/05/28 13:47:49 [notice] 1#1: start worker process 14
2024/05/28 13:47:49 [notice] 1#1: start worker process 15
2024/05/28 13:51:20 [notice] 1#1: signal 3 (SIGQUIT) received, shutting down
2024/05/28 13:51:20 [notice] 11#11: gracefully shutting down
2024/05/28 13:51:20 [notice] 8#8: gracefully shutting down
2024/05/28 13:51:20 [notice] 8#8: exiting
2024/05/28 13:51:20 [notice] 9#9: gracefully shutting down
2024/05/28 13:51:20 [notice] 14#14: gracefully shutting down
2024/05/28 13:51:20 [notice] 9#9: exiting
2024/05/28 13:51:20 [notice] 15#15: gracefully shutting down
2024/05/28 13:51:20 [notice] 12#12: gracefully shutting down
2024/05/28 13:51:20 [notice] 10#10: gracefully shutting down
2024/05/28 13:51:20 [notice] 12#12: exiting
2024/05/28 13:51:20 [notice] 13#13: gracefully shutting down
2024/05/28 13:51:20 [notice] 11#11: exiting
2024/05/28 13:51:20 [notice] 8#8: exit
2024/05/28 13:51:20 [notice] 14#14: exiting
2024/05/28 13:51:20 [notice] 9#9: exit
2024/05/28 13:51:20 [notice] 15#15: exiting
2024/05/28 13:51:20 [notice] 10#10: exiting
2024/05/28 13:51:20 [notice] 11#11: exit
2024/05/28 13:51:20 [notice] 12#12: exit
2024/05/28 13:51:20 [notice] 13#13: exiting
2024/05/28 13:51:20 [notice] 14#14: exit
2024/05/28 13:51:20 [notice] 15#15: exit
2024/05/28 13:51:20 [notice] 13#13: exit
2024/05/28 13:51:20 [notice] 10#10: exit
2024/05/28 13:51:20 [notice] 1#1: signal 17 (SIGCHLD) received from 12
2024/05/28 13:51:20 [notice] 1#1: worker process 8 exited with code 0
2024/05/28 13:51:20 [notice] 1#1: worker process 9 exited with code 0
2024/05/28 13:51:20 [notice] 1#1: worker process 11 exited with code 0
2024/05/28 13:51:20 [notice] 1#1: worker process 12 exited with code 0
2024/05/28 13:51:20 [notice] 1#1: worker process 13 exited with code 0
2024/05/28 13:51:20 [notice] 1#1: worker process 14 exited with code 0
2024/05/28 13:51:20 [notice] 1#1: signal 29 (SIGIO) received
2024/05/28 13:51:20 [notice] 1#1: signal 17 (SIGCHLD) received from 9
2024/05/28 13:51:20 [notice] 1#1: signal 17 (SIGCHLD) received from 10
2024/05/28 13:51:20 [notice] 1#1: worker process 10 exited with code 0
2024/05/28 13:51:20 [notice] 1#1: worker process 15 exited with code 0
2024/05/28 13:51:20 [notice] 1#1: exit
2024/05/28 13:51:26 [notice] 1#1: using the "epoll" event method
2024/05/28 13:51:26 [notice] 1#1: nginx/1.25.5
2024/05/28 13:51:26 [notice] 1#1: built by gcc 12.2.0 (Debian 12.2.0-14) 
2024/05/28 13:51:26 [notice] 1#1: OS: Linux 6.6.26-linuxkit
2024/05/28 13:51:26 [notice] 1#1: getrlimit(RLIMIT_NOFILE): 1048576:1048576
2024/05/28 13:51:26 [notice] 1#1: start worker processes
2024/05/28 13:51:26 [notice] 1#1: start worker process 7
2024/05/28 13:51:26 [notice] 1#1: start worker process 8
2024/05/28 13:51:26 [notice] 1#1: start worker process 9
2024/05/28 13:51:26 [notice] 1#1: start worker process 10
2024/05/28 13:51:26 [notice] 1#1: start worker process 11
2024/05/28 13:51:26 [notice] 1#1: start worker process 12
2024/05/28 13:51:26 [notice] 1#1: start worker process 13
2024/05/28 13:51:26 [notice] 1#1: start worker process 14
2024/05/28 15:22:52 [notice] 1#1: signal 3 (SIGQUIT) received, shutting down
2024/05/28 15:22:52 [notice] 8#8: gracefully shutting down
2024/05/28 15:22:52 [notice] 13#13: gracefully shutting down
2024/05/28 15:22:52 [notice] 8#8: exiting
2024/05/28 15:22:52 [notice] 7#7: gracefully shutting down
2024/05/28 15:22:52 [notice] 13#13: exiting
2024/05/28 15:22:52 [notice] 13#13: exit
2024/05/28 15:22:52 [notice] 9#9: gracefully shutting down
2024/05/28 15:22:52 [notice] 12#12: gracefully shutting down
2024/05/28 15:22:52 [notice] 11#11: gracefully shutting down
2024/05/28 15:22:52 [notice] 12#12: exiting
2024/05/28 15:22:52 [notice] 12#12: exit
2024/05/28 15:22:52 [notice] 10#10: gracefully shutting down
2024/05/28 15:22:52 [notice] 10#10: exiting
2024/05/28 15:22:52 [notice] 14#14: gracefully shutting down
2024/05/28 15:22:52 [notice] 14#14: exiting
2024/05/28 15:22:52 [notice] 7#7: exiting
2024/05/28 15:22:52 [notice] 8#8: exit
2024/05/28 15:22:52 [notice] 9#9: exiting
2024/05/28 15:22:52 [notice] 11#11: exiting
2024/05/28 15:22:52 [notice] 10#10: exit
2024/05/28 15:22:52 [notice] 1#1: signal 17 (SIGCHLD) received from 13
2024/05/28 15:22:52 [notice] 14#14: exit
2024/05/28 15:22:52 [notice] 7#7: exit
2024/05/28 15:22:52 [notice] 9#9: exit
2024/05/28 15:22:52 [notice] 11#11: exit
2024/05/28 15:22:52 [notice] 1#1: worker process 12 exited with code 0
2024/05/28 15:22:52 [notice] 1#1: worker process 13 exited with code 0
2024/05/28 15:22:52 [notice] 1#1: signal 29 (SIGIO) received
2024/05/28 15:22:52 [notice] 1#1: signal 17 (SIGCHLD) received from 12
2024/05/28 15:22:52 [notice] 1#1: signal 17 (SIGCHLD) received from 8
2024/05/28 15:22:52 [notice] 1#1: worker process 8 exited with code 0
2024/05/28 15:22:52 [notice] 1#1: signal 29 (SIGIO) received
2024/05/28 15:22:52 [notice] 1#1: signal 17 (SIGCHLD) received from 7
2024/05/28 15:22:52 [notice] 1#1: worker process 7 exited with code 0
2024/05/28 15:22:52 [notice] 1#1: worker process 9 exited with code 0
2024/05/28 15:22:52 [notice] 1#1: worker process 10 exited with code 0
2024/05/28 15:22:52 [notice] 1#1: worker process 14 exited with code 0
2024/05/28 15:22:52 [notice] 1#1: signal 29 (SIGIO) received
2024/05/28 15:22:52 [notice] 1#1: signal 17 (SIGCHLD) received from 14
2024/05/28 15:22:52 [notice] 1#1: signal 17 (SIGCHLD) received from 11
2024/05/28 15:22:52 [notice] 1#1: worker process 11 exited with code 0
2024/05/28 15:22:52 [notice] 1#1: exit
2024/05/28 15:24:47 [notice] 1#1: using the "epoll" event method
2024/05/28 15:24:47 [notice] 1#1: nginx/1.25.5
2024/05/28 15:24:47 [notice] 1#1: built by gcc 12.2.0 (Debian 12.2.0-14) 
2024/05/28 15:24:47 [notice] 1#1: OS: Linux 6.6.26-linuxkit
2024/05/28 15:24:47 [notice] 1#1: getrlimit(RLIMIT_NOFILE): 1048576:1048576
2024/05/28 15:24:47 [notice] 1#1: start worker processes
2024/05/28 15:24:47 [notice] 1#1: start worker process 7
2024/05/28 15:24:47 [notice] 1#1: start worker process 8
2024/05/28 15:24:47 [notice] 1#1: start worker process 9
2024/05/28 15:24:47 [notice] 1#1: start worker process 10
2024/05/28 15:24:47 [notice] 1#1: start worker process 11
2024/05/28 15:24:47 [notice] 1#1: start worker process 12
2024/05/28 15:24:47 [notice] 1#1: start worker process 13
2024/05/28 15:24:47 [notice] 1#1: start worker process 14
2024/05/28 16:00:26 [notice] 1#1: signal 3 (SIGQUIT) received, shutting down
2024/05/28 16:00:26 [notice] 8#8: gracefully shutting down
2024/05/28 16:00:26 [notice] 10#10: gracefully shutting down
2024/05/28 16:00:26 [notice] 10#10: exiting
2024/05/28 16:00:26 [notice] 11#11: gracefully shutting down
2024/05/28 16:00:26 [notice] 11#11: exiting
2024/05/28 16:00:26 [notice] 12#12: gracefully shutting down
2024/05/28 16:00:26 [notice] 9#9: gracefully shutting down
2024/05/28 16:00:26 [notice] 14#14: gracefully shutting down
2024/05/28 16:00:26 [notice] 7#7: gracefully shutting down
2024/05/28 16:00:26 [notice] 13#13: gracefully shutting down
2024/05/28 16:00:26 [notice] 8#8: exiting
2024/05/28 16:00:26 [notice] 10#10: exit
2024/05/28 16:00:26 [notice] 11#11: exit
2024/05/28 16:00:26 [notice] 12#12: exiting
2024/05/28 16:00:26 [notice] 9#9: exiting
2024/05/28 16:00:26 [notice] 14#14: exiting
2024/05/28 16:00:26 [notice] 7#7: exiting
2024/05/28 16:00:26 [notice] 13#13: exiting
2024/05/28 16:00:26 [notice] 8#8: exit
2024/05/28 16:00:26 [notice] 12#12: exit
2024/05/28 16:00:26 [notice] 9#9: exit
2024/05/28 16:00:26 [notice] 14#14: exit
2024/05/28 16:00:26 [notice] 7#7: exit
2024/05/28 16:00:26 [notice] 13#13: exit
2024/05/28 16:00:26 [notice] 1#1: signal 17 (SIGCHLD) received from 11
2024/05/28 16:00:26 [notice] 1#1: worker process 10 exited with code 0
2024/05/28 16:00:26 [notice] 1#1: worker process 11 exited with code 0
2024/05/28 16:00:26 [notice] 1#1: worker process 12 exited with code 0
2024/05/28 16:00:26 [notice] 1#1: signal 29 (SIGIO) received
2024/05/28 16:00:26 [notice] 1#1: signal 17 (SIGCHLD) received from 12
2024/05/28 16:00:26 [notice] 1#1: signal 17 (SIGCHLD) received from 8
2024/05/28 16:00:26 [notice] 1#1: worker process 7 exited with code 0
2024/05/28 16:00:26 [notice] 1#1: worker process 8 exited with code 0
2024/05/28 16:00:26 [notice] 1#1: worker process 9 exited with code 0
2024/05/28 16:00:26 [notice] 1#1: worker process 13 exited with code 0
2024/05/28 16:00:26 [notice] 1#1: worker process 14 exited with code 0
2024/05/28 16:00:26 [notice] 1#1: exit
2024/05/29 09:45:03 [emerg] 1#1: host not found in upstream "laravel-docker" in /etc/nginx/conf.d/web_app.conf:13
2024/05/29 09:45:03 [emerg] 1#1: host not found in upstream "laravel-docker" in /etc/nginx/conf.d/web_app.conf:13
2024/05/29 09:45:04 [emerg] 1#1: host not found in upstream "laravel-docker" in /etc/nginx/conf.d/web_app.conf:13
2024/05/29 09:45:04 [emerg] 1#1: host not found in upstream "laravel-docker" in /etc/nginx/conf.d/web_app.conf:13
2024/05/29 09:45:05 [emerg] 1#1: host not found in upstream "laravel-docker" in /etc/nginx/conf.d/web_app.conf:13
2024/05/29 09:45:07 [emerg] 1#1: host not found in upstream "laravel-docker" in /etc/nginx/conf.d/web_app.conf:13
2024/05/29 09:45:10 [emerg] 1#1: host not found in upstream "laravel-docker" in /etc/nginx/conf.d/web_app.conf:13
2024/05/29 09:45:17 [emerg] 1#1: host not found in upstream "laravel-docker" in /etc/nginx/conf.d/web_app.conf:13
2024/05/29 09:45:30 [notice] 1#1: using the "epoll" event method
2024/05/29 09:45:30 [notice] 1#1: nginx/1.25.5
2024/05/29 09:45:30 [notice] 1#1: built by gcc 12.2.0 (Debian 12.2.0-14) 
2024/05/29 09:45:30 [notice] 1#1: OS: Linux 6.6.26-linuxkit
2024/05/29 09:45:30 [notice] 1#1: getrlimit(RLIMIT_NOFILE): 1048576:1048576
2024/05/29 09:45:30 [notice] 1#1: start worker processes
2024/05/29 09:45:30 [notice] 1#1: start worker process 8
2024/05/29 09:45:30 [notice] 1#1: start worker process 9
2024/05/29 09:45:30 [notice] 1#1: start worker process 10
2024/05/29 09:45:30 [notice] 1#1: start worker process 11
2024/05/29 09:45:30 [notice] 1#1: start worker process 12
2024/05/29 09:45:30 [notice] 1#1: start worker process 13
2024/05/29 09:45:30 [notice] 1#1: start worker process 14
2024/05/29 09:45:30 [notice] 1#1: start worker process 15
